Thu Jun 14 2018 20:00:36 GMT-0500 (Central Daylight Time) GET /about
Thu Jun 14 2018 20:00:38 GMT-0500 (Central Daylight Time) GET /about
Thu Jun 14 2018 20:13:18 GMT-0500 (Central Daylight Time) GET /maintain
Thu Jun 14 2018 20:14:38 GMT-0500 (Central Daylight Time) GET /maintain
Thu Jun 14 2018 20:14:42 GMT-0500 (Central Daylight Time) GET /maintain
Thu Jun 14 2018 20:19:23 GMT-0500 (Central Daylight Time) GET /maintain
Sat Jun 16 2018 19:06:34 GMT-0500 (Central Daylight Time) GET /
Sat Jun 16 2018 19:06:36 GMT-0500 (Central Daylight Time) GET /favicon.ico
Sat Jun 16 2018 19:06:39 GMT-0500 (Central Daylight Time) GET /
Sat Jun 16 2018 19:06:39 GMT-0500 (Central Daylight Time) GET /favicon.ico
Sat Jun 16 2018 19:06:39 GMT-0500 (Central Daylight Time) GET /
Sat Jun 16 2018 19:06:39 GMT-0500 (Central Daylight Time) GET /favicon.ico
Sat Jun 16 2018 19:06:40 GMT-0500 (Central Daylight Time) GET /
Sat Jun 16 2018 19:06:40 GMT-0500 (Central Daylight Time) GET /favicon.ico
Sat Jun 16 2018 20:10:50 GMT-0500 (Central Daylight Time) GET /
Sat Jun 16 2018 20:11:36 GMT-0500 (Central Daylight Time) GET /
Sat Jun 16 2018 20:11:37 GMT-0500 (Central Daylight Time) GET /favicon.ico
Sat Jun 16 2018 20:11:39 GMT-0500 (Central Daylight Time) GET /
Sat Jun 16 2018 20:11:41 GMT-0500 (Central Daylight Time) GET /about
Sun Jun 17 2018 12:53:55 GMT-0500 (Central Daylight Time) GET /about
Sun Jun 17 2018 12:54:27 GMT-0500 (Central Daylight Time) GET /about
Sun Jun 17 2018 12:54:27 GMT-0500 (Central Daylight Time) GET /favicon.ico
Sun Jun 17 2018 13:14:49 GMT-0500 (Central Daylight Time) GET /about
Sun Jun 17 2018 13:14:50 GMT-0500 (Central Daylight Time) GET /about
Sun Jun 17 2018 13:14:56 GMT-0500 (Central Daylight Time) GET /
Sun Jun 17 2018 13:31:21 GMT-0500 (Central Daylight Time) GET /
Sun Jun 17 2018 13:31:24 GMT-0500 (Central Daylight Time) GET /
Sun Jun 17 2018 13:32:34 GMT-0500 (Central Daylight Time) GET /
Sun Jun 17 2018 13:32:37 GMT-0500 (Central Daylight Time) GET /
Sun Jun 17 2018 13:32:38 GMT-0500 (Central Daylight Time) GET /about
Sun Jun 17 2018 13:35:23 GMT-0500 (Central Daylight Time) GET /about
Sun Jun 17 2018 13:35:25 GMT-0500 (Central Daylight Time) GET /
Sun Jun 17 2018 13:38:13 GMT-0500 (Central Daylight Time) GET /
Sun Jun 17 2018 13:39:09 GMT-0500 (Central Daylight Time) GET /
Sun Jun 17 2018 13:39:13 GMT-0500 (Central Daylight Time) GET /about
Sun Jun 17 2018 13:41:30 GMT-0500 (Central Daylight Time) GET /about
Sun Jun 17 2018 13:41:32 GMT-0500 (Central Daylight Time) GET /about
Sun Jun 17 2018 13:43:57 GMT-0500 (Central Daylight Time) GET /
Sun Jun 17 2018 13:43:59 GMT-0500 (Central Daylight Time) GET /about
Sun Jun 17 2018 13:45:47 GMT-0500 (Central Daylight Time) GET /about
Sun Jun 17 2018 13:45:53 GMT-0500 (Central Daylight Time) GET /project
Sun Jun 17 2018 13:46:00 GMT-0500 (Central Daylight Time) GET /about
Sun Jun 17 2018 13:46:01 GMT-0500 (Central Daylight Time) GET /
Sun Jun 17 2018 13:46:03 GMT-0500 (Central Daylight Time) GET /project
